2024-12-17 16:34:15:3415 [[32minfo[39m] [32m[WINSTON] Request - GET - /core/user[39m
2024-12-17 16:34:15:3415 [[31merror[39m] [31mjwt expired[39m
2024-12-17 16:34:32:3432 [[32minfo[39m] [32m[WINSTON] Request - POST - /core/auth/login[39m
2024-12-17 16:36:52:3652 [32minfo[39m: [32m[WINSTON] Request - POST - /core/auth/login[39m
2024-12-17 16:37:20:3720 [32minfo[39m:
[32m[WINSTON] Request - POST - /core/auth/login[39m
2024-12-18 06:18:11:1811 [32minfo[39m:
[32m[WINSTON] Request - GET - /core/project/[39m
2024-12-18 06:20:33:2033 [32minfo[39m:
[32m[WINSTON] Request - POST - /core/project/[39m
2024-12-18 06:21:09:219 [32minfo[39m:
[32m[WINSTON] Request - PATCH - /core/project/[39m
2024-12-18 06:21:27:2127 [32minfo[39m:
[32m[WINSTON] Request - PATCH - /core/project/54856a07-a02e-44ed-a5e6-b68575731ecc[39m
2024-12-18 06:21:52:2152 [32minfo[39m:
[32m[WINSTON] Request - GET - /core/project/54856a07-a02e-44ed-a5e6-b68575731ecc[39m
2024-12-18 06:22:09:229 [32minfo[39m:
[32m[WINSTON] Request - DELETE - /core/project/54856a07-a02e-44ed-a5e6-b68575731ecc[39m
2024-12-18 06:22:17:2217 [32minfo[39m:
[32m[WINSTON] Request - GET - /core/project/54856a07-a02e-44ed-a5e6-b68575731ecc[39m
2024-12-18 06:22:17:2217 [31merror[39m:
[31mProject not found[39m
2024-12-18 06:22:20:2220 [32minfo[39m:
[32m[WINSTON] Request - GET - /core/project/[39m
2024-12-18 13:20:01:201 [32minfo[39m:
[32m[WINSTON] Request - GET - /core/task/[39m
2024-12-18 13:20:28:2028 [32minfo[39m:
[32m[WINSTON] Request - GET - /core/task/:id[39m
2024-12-18 13:20:28:2028 [31merror[39m:
[31mTask not found[39m
2024-12-18 13:24:27:2427 [32minfo[39m:
[32m[WINSTON] Request - GET - /core/user[39m
2024-12-18 13:24:27:2427 [31merror[39m:
[31mjwt expired[39m
2024-12-18 13:24:43:2443 [32minfo[39m:
[32m[WINSTON] Request - GET - /core/user[39m
2024-12-18 13:24:56:2456 [32minfo[39m:
[32m[WINSTON] Request - POST - /core/project/[39m
2024-12-18 13:25:35:2535 [32minfo[39m:
[32m[WINSTON] Request - POST - /core/project/add-user[39m
2024-12-18 13:25:44:2544 [32minfo[39m:
[32m[WINSTON] Request - DELETE - /core/project/remove-user[39m
2024-12-18 13:25:44:2544 [31merror[39m:
[31m[39m
[31mInvalid `prisma.project.delete()` invocation:[39m


[31mAn operation failed because it depends on one or more records that were required but not found. Record to delete does not exist.[39m
2024-12-18 13:26:07:267 [32minfo[39m:
[32m[WINSTON] Request - GET - /core/project/[39m
2024-12-18 13:26:31:2631 [32minfo[39m:
[32m[WINSTON] Request - GET - /core/project/0c145965-dcf3-4a54-9191-7a89f4a2ad1d[39m
2024-12-18 13:27:04:274 [32minfo[39m:
[32m[WINSTON] Request - DELETE - /core/project/remove-user[39m
2024-12-18 13:27:04:274 [31merror[39m:
[31m[39m
[31mInvalid `prisma.project.delete()` invocation:[39m


[31mAn operation failed because it depends on one or more records that were required but not found. Record to delete does not exist.[39m
2024-12-18 13:29:43:2943 [32minfo[39m:
[32m[WINSTON] Request - GET - /core/project/0c145965-dcf3-4a54-9191-7a89f4a2ad1d[39m
2024-12-18 13:32:52:3252 [32minfo[39m:
[32m[WINSTON] Request - DELETE - /core/project/0c145965-dcf3-4a54-9191-7a89f4a2ad1d[39m
2024-12-18 13:32:52:3252 [31merror[39m:
[31m[39m
[31mInvalid `prisma.project.delete()` invocation:[39m


[31mForeign key constraint violated: `UserProject_projectId_fkey (index)`[39m
2024-12-18 13:33:00:330 [32minfo[39m:
[32m[WINSTON] Request - DELETE - /core/project/remove-user[39m
2024-12-18 13:33:00:330 [31merror[39m:
[31m[39m
[31mInvalid `prisma.project.delete()` invocation:[39m


[31mAn operation failed because it depends on one or more records that were required but not found. Record to delete does not exist.[39m
2024-12-18 13:36:46:3646 [32minfo[39m:
[32m[WINSTON] Request - DELETE - /core/project/remove-user[39m
2024-12-18 13:36:46:3646 [31merror[39m:
[31m[39m
[31mInvalid `prisma.project.delete()` invocation:[39m


[31mAn operation failed because it depends on one or more records that were required but not found. Record to delete does not exist.[39m
2024-12-18 13:36:49:3649 [32minfo[39m:
[32m[WINSTON] Request - DELETE - /core/project/0c145965-dcf3-4a54-9191-7a89f4a2ad1d[39m
2024-12-18 13:37:01:371 [32minfo[39m:
[32m[WINSTON] Request - POST - /core/project/[39m
2024-12-18 13:37:18:3718 [32minfo[39m:
[32m[WINSTON] Request - POST - /core/project/add-user[39m
2024-12-18 13:37:32:3732 [32minfo[39m:
[32m[WINSTON] Request - GET - /core/project/5a0f273e-45d6-42b9-a0b3-6e823da220dd[39m
2024-12-18 13:38:23:3823 [32minfo[39m:
[32m[WINSTON] Request - GET - /core/project/5a0f273e-45d6-42b9-a0b3-6e823da220dd[39m
2024-12-18 13:38:53:3853 [32minfo[39m:
[32m[WINSTON] Request - POST - /core/task[39m
2024-12-18 13:38:53:3853 [31merror[39m:
[31m[39m
[31mInvalid `prisma.task.create()` invocation:[39m

[31m{[39m
[31m  data: {[39m
[31m    title: "asd",[39m
[31m    description: "qwe",[39m
[31m    status: "zxc",[39m
[31m    assignee: {[39m
[31m      connect: {[39m
[31m        id: "6aa2009e-9691-471d-bce4-7cb594c9ab87"[39m
[31m      }[39m
[31m    },[39m
[31m    project: {[39m
[31m      connect: {[39m
[31m        id: "5a0f273e-45d6-42b9-a0b3-6e823da220dd"[39m
[31m      }[39m
[31m    },[39m
[31m+   dueDate: DateTime[39m
[31m  },[39m
[31m  include: {[39m
[31m    assignee: true,[39m
[31m    project: true[39m
[31m  }[39m
[31m}[39m

[31mArgument `dueDate` is missing.[39m
2024-12-18 13:39:04:394 [32minfo[39m:
[32m[WINSTON] Request - POST - /core/task[39m
2024-12-18 13:39:11:3911 [32minfo[39m:
[32m[WINSTON] Request - GET - /core/task/[39m
2024-12-18 13:40:29:4029 [32minfo[39m:
[32m[WINSTON] Request - GET - /core/project/5a0f273e-45d6-42b9-a0b3-6e823da220dd[39m
2024-12-18 13:42:44:4244 [32minfo[39m:
[32m[WINSTON] Request - DELETE - /core/project/remove-user[39m
2024-12-18 13:42:44:4244 [31merror[39m:
[31m[39m
[31mInvalid `prisma.project.delete()` invocation:[39m


[31mAn operation failed because it depends on one or more records that were required but not found. Record to delete does not exist.[39m
2024-12-18 13:46:27:4627 [32minfo[39m:
[32m[WINSTON] Request - DELETE - /core/project/remove-user[39m
2024-12-18 13:46:27:4627 [31merror[39m:
[31m[39m
[31mInvalid `prisma.project.delete()` invocation:[39m


[31mAn operation failed because it depends on one or more records that were required but not found. Record to delete does not exist.[39m
2024-12-18 13:46:59:4659 [32minfo[39m:
[32m[WINSTON] Request - POST - /core/project/remove-user[39m
2024-12-18 13:48:10:4810 [32minfo[39m:
[32m[WINSTON] Request - GET - /core/project/5a0f273e-45d6-42b9-a0b3-6e823da220dd[39m
2024-12-18 13:51:17:5117 [32minfo[39m:
[32m[WINSTON] Request - GET - /core/project/5a0f273e-45d6-42b9-a0b3-6e823da220dd[39m
